host: LAPTOP-S92C04ES
Building DAG of jobs...
Using shell: /usr/bin/bash
Provided cores: 1 (use --cores to define parallelism)
Rules claiming more threads will be scaled down.
Job stats:
job               count
--------------  -------
bcftools_call         1
plot_quals            1
samtools_index        3
samtools_sort         3
total                 8

Select jobs to execute...
Execute 1 jobs...

[Sat Jan 11 16:43:48 2025]
localrule samtools_sort:
    input: mapped_reads/A.bam
    output: sorted_reads/A.bam
    jobid: 2
    reason: Missing output files: sorted_reads/A.bam
    wildcards: sample=A
    resources: tmpdir=/tmp

[Sat Jan 11 16:43:49 2025]
Finished job 2.
1 of 8 steps (12%) done
Select jobs to execute...
Execute 1 jobs...

[Sat Jan 11 16:43:49 2025]
localrule samtools_sort:
    input: mapped_reads/B.bam
    output: sorted_reads/B.bam
    jobid: 4
    reason: Missing output files: sorted_reads/B.bam
    wildcards: sample=B
    resources: tmpdir=/tmp

[Sat Jan 11 16:43:49 2025]
Finished job 4.
2 of 8 steps (25%) done
Select jobs to execute...
Execute 1 jobs...

[Sat Jan 11 16:43:49 2025]
localrule samtools_index:
    input: sorted_reads/B.bam
    output: sorted_reads/B.bam.bai
    jobid: 9
    reason: Missing output files: sorted_reads/B.bam.bai; Input files updated by another job: sorted_reads/B.bam
    wildcards: sample=B
    resources: tmpdir=/tmp

[Sat Jan 11 16:43:49 2025]
Finished job 9.
3 of 8 steps (38%) done
Select jobs to execute...
Execute 1 jobs...

[Sat Jan 11 16:43:49 2025]
localrule samtools_index:
    input: sorted_reads/A.bam
    output: sorted_reads/A.bam.bai
    jobid: 8
    reason: Missing output files: sorted_reads/A.bam.bai; Input files updated by another job: sorted_reads/A.bam
    wildcards: sample=A
    resources: tmpdir=/tmp

[Sat Jan 11 16:43:49 2025]
Finished job 8.
4 of 8 steps (50%) done
Select jobs to execute...
Execute 1 jobs...

[Sat Jan 11 16:43:49 2025]
localrule samtools_sort:
    input: mapped_reads/C.bam
    output: sorted_reads/C.bam
    jobid: 6
    reason: Missing output files: sorted_reads/C.bam
    wildcards: sample=C
    resources: tmpdir=/tmp

[Sat Jan 11 16:43:49 2025]
Finished job 6.
5 of 8 steps (62%) done
Select jobs to execute...
Execute 1 jobs...

[Sat Jan 11 16:43:49 2025]
localrule samtools_index:
    input: sorted_reads/C.bam
    output: sorted_reads/C.bam.bai
    jobid: 10
    reason: Missing output files: sorted_reads/C.bam.bai; Input files updated by another job: sorted_reads/C.bam
    wildcards: sample=C
    resources: tmpdir=/tmp

[Sat Jan 11 16:43:49 2025]
Finished job 10.
6 of 8 steps (75%) done
Select jobs to execute...
Execute 1 jobs...

[Sat Jan 11 16:43:49 2025]
localrule bcftools_call:
    input: genome.fa, sorted_reads/A.bam, sorted_reads/B.bam, sorted_reads/C.bam, sorted_reads/A.bam.bai, sorted_reads/B.bam.bai, sorted_reads/C.bam.bai
    output: calls/all.vcf
    jobid: 1
    reason: Missing output files: calls/all.vcf; Input files updated by another job: sorted_reads/A.bam.bai, sorted_reads/B.bam.bai, sorted_reads/B.bam, sorted_reads/A.bam, sorted_reads/C.bam, sorted_reads/C.bam.bai
    resources: tmpdir=/tmp

[Sat Jan 11 16:43:49 2025]
Finished job 1.
7 of 8 steps (88%) done
Select jobs to execute...
Execute 1 jobs...

[Sat Jan 11 16:43:49 2025]
localrule plot_quals:
    input: calls/all.vcf
    output: plots/quals.svg
    jobid: 0
    reason: Missing output files: plots/quals.svg; Input files updated by another job: calls/all.vcf
    resources: tmpdir=/tmp

[Sat Jan 11 16:43:50 2025]
Finished job 0.
8 of 8 steps (100%) done
Complete log: .snakemake/log/2025-01-11T164348.897921.snakemake.log
